<?xml version="1.0" encoding="UTF-8"?>
<testsuite name="ru.netology.WallServiceTest" tests="1" skipped="0" failures="0" errors="0" timestamp="2021-05-19T17:18:50" hostname="NARUTO" time="0.395">
  <properties/>
  <testcase name="addPost" classname="ru.netology.WallServiceTest" time="0.395"/>
  <system-out><![CDATA[]]></system-out>
  <system-err><![CDATA[]]></system-err>
</testsuite>
