<?xml version="1.0" encoding="UTF-8"?>
<testsuite name="ru.netology.WallServiceTest" tests="1" skipped="0" failures="0" errors="0" timestamp="2021-05-25T15:00:31" hostname="NARUTO" time="0.564">
  <properties/>
  <testcase name="shouldThrow" classname="ru.netology.WallServiceTest" time="0.564"/>
  <system-out><![CDATA[]]></system-out>
  <system-err><![CDATA[]]></system-err>
</testsuite>
