<?xml version="1.0" encoding="UTF-8"?>
<testsuite name="ru.netology.WallServiceTest" tests="3" skipped="0" failures="0" errors="0" timestamp="2021-05-19T11:26:22" hostname="NARUTO" time="0.989">
  <properties/>
  <testcase name="NonUpdate" classname="ru.netology.WallServiceTest" time="0.984"/>
  <testcase name="addPost" classname="ru.netology.WallServiceTest" time="0.0"/>
  <testcase name="update" classname="ru.netology.WallServiceTest" time="0.002"/>
  <system-out><![CDATA[]]></system-out>
  <system-err><![CDATA[]]></system-err>
</testsuite>
